<?xml version="1.0" encoding="UTF-8"?>
<!-- Generated by org.testng.reporters.JUnitXMLReporter -->
<testsuite ignored="0" hostname="QT-INBG-LT1065" failures="7" tests="9" name="Test" time="37.254" errors="0" timestamp="2022-09-19T10:40:09 IST">
  <testcase classname="mobile_world.SignIn" name="signin" time="7.713"/>
  <testcase classname="mobile_world.SignIn" name="signin2" time="2.659">
    <failure type="java.lang.AssertionError" message="expected [https://mobileworld.banyanpro.com/sign.html] but found [driver.getCurrentURL]">
      <![CDATA[java.lang.AssertionError: expected [https://mobileworld.banyanpro.com/sign.html] but found [driver.getCurrentURL]
at mobile_world.SignIn.signin2(SignIn.java:44)
at java.base/java.util.ArrayList.forEach(ArrayList.java:1511)
... Removed 33 stack frames]]>
    </failure>
  </testcase> <!-- signin2 -->
  <testcase classname="mobile_world.SignIn" name="signin3" time="3.324">
    <failure type="java.lang.AssertionError" message="expected [https://mobileworld.banyanpro.com/sign.html] but found [driver.getCurrentURL]">
      <![CDATA[java.lang.AssertionError: expected [https://mobileworld.banyanpro.com/sign.html] but found [driver.getCurrentURL]
at mobile_world.SignIn.signin3(SignIn.java:61)
at java.base/java.util.ArrayList.forEach(ArrayList.java:1511)
... Removed 33 stack frames]]>
    </failure>
  </testcase> <!-- signin3 -->
  <testcase classname="mobile_world.SignIn" name="signin4" time="2.878">
    <failure type="java.lang.AssertionError" message="expected [https://mobileworld.banyanpro.com/sign.html] but found [driver.getCurrentURL]">
      <![CDATA[java.lang.AssertionError: expected [https://mobileworld.banyanpro.com/sign.html] but found [driver.getCurrentURL]
at mobile_world.SignIn.signin4(SignIn.java:79)
at java.base/java.util.ArrayList.forEach(ArrayList.java:1511)
... Removed 33 stack frames]]>
    </failure>
  </testcase> <!-- signin4 -->
  <testcase classname="mobile_world.SignIn" name="signin5" time="3.307">
    <failure type="java.lang.AssertionError" message="expected [https://mobileworld.banyanpro.com/sign.html] but found [driver.getCurrentURL]">
      <![CDATA[java.lang.AssertionError: expected [https://mobileworld.banyanpro.com/sign.html] but found [driver.getCurrentURL]
at mobile_world.SignIn.signin5(SignIn.java:96)
at java.base/java.util.ArrayList.forEach(ArrayList.java:1511)
... Removed 33 stack frames]]>
    </failure>
  </testcase> <!-- signin5 -->
  <testcase classname="mobile_world.SignIn" name="signin6" time="3.21">
    <failure type="java.lang.AssertionError" message="expected [https://mobileworld.banyanpro.com/sign.html] but found [driver.getCurrentURL]">
      <![CDATA[java.lang.AssertionError: expected [https://mobileworld.banyanpro.com/sign.html] but found [driver.getCurrentURL]
at mobile_world.SignIn.signin6(SignIn.java:113)
at java.base/java.util.ArrayList.forEach(ArrayList.java:1511)
... Removed 33 stack frames]]>
    </failure>
  </testcase> <!-- signin6 -->
  <testcase classname="mobile_world.SignIn" name="signin7" time="4.259">
    <failure type="java.lang.AssertionError" message="expected [https://mobileworld.banyanpro.com/sign.html] but found [driver.getCurrentURL]">
      <![CDATA[java.lang.AssertionError: expected [https://mobileworld.banyanpro.com/sign.html] but found [driver.getCurrentURL]
at mobile_world.SignIn.signin7(SignIn.java:130)
at java.base/java.util.ArrayList.forEach(ArrayList.java:1511)
... Removed 33 stack frames]]>
    </failure>
  </testcase> <!-- signin7 -->
  <testcase classname="mobile_world.SignIn" name="signin8" time="4.989">
    <failure type="java.lang.AssertionError" message="expected [https://mobileworld.banyanpro.com/sign.html] but found [driver.getCurrentURL]">
      <![CDATA[java.lang.AssertionError: expected [https://mobileworld.banyanpro.com/sign.html] but found [driver.getCurrentURL]
at mobile_world.SignIn.signin8(SignIn.java:147)
at java.base/java.util.ArrayList.forEach(ArrayList.java:1511)
... Removed 33 stack frames]]>
    </failure>
  </testcase> <!-- signin8 -->
  <testcase classname="mobile_world.Home_page" name="register" time="4.863"/>
</testsuite> <!-- Test -->
